2024-06-24 17:39:33,893 INFO    StreamThr :200891 [internal.py:wandb_internal():89] W&B internal server running at pid: 200891, started at: 2024-06-24 17:39:33.871115
2024-06-24 17:39:33,894 DEBUG   HandlerThread:200891 [handler.py:handle_request():144] handle_request: status
2024-06-24 17:39:33,895 INFO    WriterThread:200891 [datastore.py:open_for_write():85] open: /home/macula/SMATousi/snorkel/attention_snorkel/wandb/run-20240624_173933-nzh3xipo/run-nzh3xipo.wandb
2024-06-24 17:39:33,927 DEBUG   SenderThread:200891 [sender.py:send():369] send: header
2024-06-24 17:39:34,356 DEBUG   SenderThread:200891 [sender.py:send():369] send: run
2024-06-24 17:39:34,754 DEBUG   HandlerThread:200891 [handler.py:handle_request():144] handle_request: check_version
2024-06-24 17:39:34,761 INFO    SenderThread:200891 [dir_watcher.py:__init__():211] watching files in: /home/macula/SMATousi/snorkel/attention_snorkel/wandb/run-20240624_173933-nzh3xipo/files
2024-06-24 17:39:34,761 INFO    SenderThread:200891 [sender.py:_start_run_threads():1103] run started: nzh3xipo with start time 1719268773.872746
2024-06-24 17:39:34,762 DEBUG   SenderThread:200891 [sender.py:send_request():396] send_request: summary_record
2024-06-24 17:39:34,830 INFO    SenderThread:200891 [sender.py:_save_file():1354] saving file wandb-summary.json with policy end
2024-06-24 17:39:34,831 DEBUG   SenderThread:200891 [sender.py:send_request():396] send_request: check_version
2024-06-24 17:39:34,968 DEBUG   HandlerThread:200891 [handler.py:handle_request():144] handle_request: run_start
2024-06-24 17:39:34,998 DEBUG   HandlerThread:200891 [system_info.py:__init__():31] System info init
2024-06-24 17:39:34,998 DEBUG   HandlerThread:200891 [system_info.py:__init__():46] System info init done
2024-06-24 17:39:34,998 INFO    HandlerThread:200891 [system_monitor.py:start():181] Starting system monitor
2024-06-24 17:39:34,999 INFO    SystemMonitor:200891 [system_monitor.py:_start():145] Starting system asset monitoring threads
2024-06-24 17:39:34,999 INFO    HandlerThread:200891 [system_monitor.py:probe():201] Collecting system info
2024-06-24 17:39:34,999 INFO    SystemMonitor:200891 [interfaces.py:start():190] Started cpu monitoring
2024-06-24 17:39:35,001 INFO    SystemMonitor:200891 [interfaces.py:start():190] Started disk monitoring
2024-06-24 17:39:35,002 INFO    SystemMonitor:200891 [interfaces.py:start():190] Started gpu monitoring
2024-06-24 17:39:35,003 INFO    SystemMonitor:200891 [interfaces.py:start():190] Started memory monitoring
2024-06-24 17:39:35,003 INFO    SystemMonitor:200891 [interfaces.py:start():190] Started network monitoring
2024-06-24 17:39:35,036 DEBUG   HandlerThread:200891 [system_info.py:probe():195] Probing system
2024-06-24 17:39:35,096 DEBUG   HandlerThread:200891 [system_info.py:_probe_git():180] Probing git
2024-06-24 17:39:35,186 DEBUG   HandlerThread:200891 [system_info.py:_probe_git():188] Probing git done
2024-06-24 17:39:35,187 DEBUG   HandlerThread:200891 [system_info.py:probe():240] Probing system done
2024-06-24 17:39:35,187 DEBUG   HandlerThread:200891 [system_monitor.py:probe():210] {'os': 'Linux-5.15.0-83-generic-x86_64-with-debian-bookworm-sid', 'python': '3.7.13', 'heartbeatAt': '2024-06-24T22:39:35.036275', 'startedAt': '2024-06-24T22:39:33.588116', 'docker': None, 'cuda': None, 'args': None, 'state': 'running', 'program': 'reproducing_snorkel.ipynb', 'root': '/home/macula/SMATousi/snorkel/attention_snorkel', 'git': {'remote': 'git@github.com:SMATousi/attention_snorkel.git', 'commit': '94aa4a9bfa993c0c8f9a0398f83c4b5e1b29f5af'}, 'email': 'mohamadali.tousi@gmail.com', 'host': 'fovea', 'username': 'SMATousi', 'executable': '/home/macula/SMATousi/.conda/envs/mac-deep/bin/python', 'cpu_count': 16, 'cpu_count_logical': 24, 'cpu_freq': {'current': 3159.8584166666665, 'min': 800.0, 'max': 4716.666666666667}, 'cpu_freq_per_core': [{'current': 3200.0, 'min': 800.0, 'max': 5100.0}, {'current': 3200.0, 'min': 800.0, 'max': 5100.0}, {'current': 3200.0, 'min': 800.0, 'max': 5100.0}, {'current': 1644.036, 'min': 800.0, 'max': 5100.0}, {'current': 3200.0, 'min': 800.0, 'max': 5100.0}, {'current': 3200.0, 'min': 800.0, 'max': 5100.0}, {'current': 3200.0, 'min': 800.0, 'max': 5100.0}, {'current': 3200.0, 'min': 800.0, 'max': 5100.0}, {'current': 3200.0, 'min': 800.0, 'max': 5200.0}, {'current': 3200.0, 'min': 800.0, 'max': 5200.0}, {'current': 3200.0, 'min': 800.0, 'max': 5200.0}, {'current': 3200.0, 'min': 800.0, 'max': 5200.0}, {'current': 3200.0, 'min': 800.0, 'max': 5100.0}, {'current': 3200.0, 'min': 800.0, 'max': 5100.0}, {'current': 3200.0, 'min': 800.0, 'max': 5100.0}, {'current': 3200.0, 'min': 800.0, 'max': 5100.0}, {'current': 3200.0, 'min': 800.0, 'max': 3900.0}, {'current': 3200.0, 'min': 800.0, 'max': 3900.0}, {'current': 3200.0, 'min': 800.0, 'max': 3900.0}, {'current': 3200.0, 'min': 800.0, 'max': 3900.0}, {'current': 3200.0, 'min': 800.0, 'max': 3900.0}, {'current': 3200.0, 'min': 800.0, 'max': 3900.0}, {'current': 3200.0, 'min': 800.0, 'max': 3900.0}, {'current': 3200.0, 'min': 800.0, 'max': 3900.0}], 'disk': {'total': 878.0427589416504, 'used': 79.52844619750977}, 'gpu': 'NVIDIA GeForce RTX 3090', 'gpu_count': 1, 'gpu_devices': [{'name': 'NVIDIA GeForce RTX 3090', 'memory_total': 25769803776}], 'memory': {'total': 31.03472137451172}}
2024-06-24 17:39:35,187 INFO    HandlerThread:200891 [system_monitor.py:probe():211] Finished collecting system info
2024-06-24 17:39:35,187 INFO    HandlerThread:200891 [system_monitor.py:probe():214] Publishing system info
2024-06-24 17:39:35,187 DEBUG   HandlerThread:200891 [system_info.py:_save_pip():52] Saving list of pip packages installed into the current environment
2024-06-24 17:39:35,247 DEBUG   HandlerThread:200891 [system_info.py:_save_pip():67] Saving pip packages done
2024-06-24 17:39:35,248 DEBUG   HandlerThread:200891 [system_info.py:_save_conda():75] Saving list of conda packages installed into the current environment
2024-06-24 17:39:35,765 INFO    Thread-12 :200891 [dir_watcher.py:_on_file_created():272] file/dir created: /home/macula/SMATousi/snorkel/attention_snorkel/wandb/run-20240624_173933-nzh3xipo/files/conda-environment.yaml
2024-06-24 17:39:35,765 INFO    Thread-12 :200891 [dir_watcher.py:_on_file_created():272] file/dir created: /home/macula/SMATousi/snorkel/attention_snorkel/wandb/run-20240624_173933-nzh3xipo/files/wandb-summary.json
2024-06-24 17:39:35,765 INFO    Thread-12 :200891 [dir_watcher.py:_on_file_created():272] file/dir created: /home/macula/SMATousi/snorkel/attention_snorkel/wandb/run-20240624_173933-nzh3xipo/files/requirements.txt
2024-06-24 17:39:46,113 DEBUG   HandlerThread:200891 [system_info.py:_save_conda():86] Saving conda packages done
2024-06-24 17:39:46,171 INFO    HandlerThread:200891 [system_monitor.py:probe():216] Finished publishing system info
2024-06-24 17:39:46,346 DEBUG   HandlerThread:200891 [handler.py:handle_request():144] handle_request: status_report
2024-06-24 17:39:46,347 DEBUG   HandlerThread:200891 [handler.py:handle_request():144] handle_request: keepalive
2024-06-24 17:39:46,347 DEBUG   HandlerThread:200891 [handler.py:handle_request():144] handle_request: status_report
2024-06-24 17:39:46,347 DEBUG   HandlerThread:200891 [handler.py:handle_request():144] handle_request: keepalive
2024-06-24 17:39:46,349 DEBUG   SenderThread:200891 [sender.py:send():369] send: files
2024-06-24 17:39:46,349 INFO    SenderThread:200891 [sender.py:_save_file():1354] saving file wandb-metadata.json with policy now
2024-06-24 17:39:46,383 DEBUG   SenderThread:200891 [sender.py:send():369] send: telemetry
2024-06-24 17:39:46,426 DEBUG   HandlerThread:200891 [handler.py:handle_request():144] handle_request: stop_status
2024-06-24 17:39:46,427 DEBUG   HandlerThread:200891 [handler.py:handle_request():144] handle_request: pause
2024-06-24 17:39:46,427 INFO    HandlerThread:200891 [handler.py:handle_request_pause():728] stopping system metrics thread or process
2024-06-24 17:39:46,427 INFO    HandlerThread:200891 [system_monitor.py:finish():190] Stopping system monitor
2024-06-24 17:39:46,427 DEBUG   SystemMonitor:200891 [system_monitor.py:_start():159] Starting system metrics aggregation loop
2024-06-24 17:39:46,428 DEBUG   SystemMonitor:200891 [system_monitor.py:_start():166] Finished system metrics aggregation loop
2024-06-24 17:39:46,428 DEBUG   SystemMonitor:200891 [system_monitor.py:_start():170] Publishing last batch of metrics
2024-06-24 17:39:46,428 INFO    HandlerThread:200891 [interfaces.py:finish():202] Joined cpu monitor
2024-06-24 17:39:46,429 DEBUG   SenderThread:200891 [sender.py:send_request():396] send_request: stop_status
2024-06-24 17:39:46,434 INFO    HandlerThread:200891 [interfaces.py:finish():202] Joined disk monitor
2024-06-24 17:39:46,490 INFO    HandlerThread:200891 [interfaces.py:finish():202] Joined gpu monitor
2024-06-24 17:39:46,490 INFO    HandlerThread:200891 [interfaces.py:finish():202] Joined memory monitor
2024-06-24 17:39:46,490 INFO    HandlerThread:200891 [interfaces.py:finish():202] Joined network monitor
2024-06-24 17:39:46,656 INFO    wandb-upload_0:200891 [upload_job.py:push():133] Uploaded file /tmp/tmprmm74k75wandb/tbs2snh5-wandb-metadata.json
2024-06-24 17:39:46,786 INFO    Thread-12 :200891 [dir_watcher.py:_on_file_modified():289] file/dir modified: /home/macula/SMATousi/snorkel/attention_snorkel/wandb/run-20240624_173933-nzh3xipo/files/conda-environment.yaml
2024-06-24 17:39:46,787 INFO    Thread-12 :200891 [dir_watcher.py:_on_file_created():272] file/dir created: /home/macula/SMATousi/snorkel/attention_snorkel/wandb/run-20240624_173933-nzh3xipo/files/wandb-metadata.json
2024-06-24 17:39:49,569 DEBUG   HandlerThread:200891 [handler.py:handle_request():144] handle_request: status_report
2024-06-24 17:39:54,571 DEBUG   HandlerThread:200891 [handler.py:handle_request():144] handle_request: status_report
2024-06-24 17:39:59,572 DEBUG   HandlerThread:200891 [handler.py:handle_request():144] handle_request: status_report
2024-06-24 17:40:01,381 DEBUG   HandlerThread:200891 [handler.py:handle_request():144] handle_request: stop_status
2024-06-24 17:40:01,382 DEBUG   SenderThread:200891 [sender.py:send_request():396] send_request: stop_status
2024-06-24 17:40:05,545 DEBUG   HandlerThread:200891 [handler.py:handle_request():144] handle_request: status_report
2024-06-24 17:40:05,819 INFO    Thread-12 :200891 [dir_watcher.py:_on_file_modified():289] file/dir modified: /home/macula/SMATousi/snorkel/attention_snorkel/wandb/run-20240624_173933-nzh3xipo/files/config.yaml
2024-06-24 17:40:10,706 DEBUG   HandlerThread:200891 [handler.py:handle_request():144] handle_request: status_report
2024-06-24 17:40:15,708 DEBUG   HandlerThread:200891 [handler.py:handle_request():144] handle_request: status_report
2024-06-24 17:40:16,381 DEBUG   HandlerThread:200891 [handler.py:handle_request():144] handle_request: stop_status
2024-06-24 17:40:16,382 DEBUG   SenderThread:200891 [sender.py:send_request():396] send_request: stop_status
2024-06-24 17:40:21,511 DEBUG   HandlerThread:200891 [handler.py:handle_request():144] handle_request: status_report
2024-06-24 17:40:26,513 DEBUG   HandlerThread:200891 [handler.py:handle_request():144] handle_request: status_report
2024-06-24 17:40:31,381 DEBUG   HandlerThread:200891 [handler.py:handle_request():144] handle_request: stop_status
2024-06-24 17:40:31,382 DEBUG   SenderThread:200891 [sender.py:send_request():396] send_request: stop_status
2024-06-24 17:40:32,498 DEBUG   HandlerThread:200891 [handler.py:handle_request():144] handle_request: status_report
2024-06-24 17:40:37,499 DEBUG   HandlerThread:200891 [handler.py:handle_request():144] handle_request: status_report
2024-06-24 17:40:42,501 DEBUG   HandlerThread:200891 [handler.py:handle_request():144] handle_request: status_report
2024-06-24 17:40:46,381 DEBUG   HandlerThread:200891 [handler.py:handle_request():144] handle_request: stop_status
2024-06-24 17:40:46,383 DEBUG   SenderThread:200891 [sender.py:send_request():396] send_request: stop_status
2024-06-24 17:40:47,544 DEBUG   HandlerThread:200891 [handler.py:handle_request():144] handle_request: status_report
2024-06-24 17:40:52,546 DEBUG   HandlerThread:200891 [handler.py:handle_request():144] handle_request: status_report
2024-06-24 17:40:57,547 DEBUG   HandlerThread:200891 [handler.py:handle_request():144] handle_request: status_report
2024-06-24 17:41:01,382 DEBUG   HandlerThread:200891 [handler.py:handle_request():144] handle_request: stop_status
2024-06-24 17:41:01,383 DEBUG   SenderThread:200891 [sender.py:send_request():396] send_request: stop_status
2024-06-24 17:41:03,517 DEBUG   HandlerThread:200891 [handler.py:handle_request():144] handle_request: status_report
2024-06-24 17:41:06,693 DEBUG   HandlerThread:200891 [handler.py:handle_request():144] handle_request: resume
2024-06-24 17:41:06,693 INFO    HandlerThread:200891 [handler.py:handle_request_resume():719] starting system metrics thread or process
2024-06-24 17:41:06,693 INFO    HandlerThread:200891 [system_monitor.py:start():181] Starting system monitor
2024-06-24 17:41:06,693 INFO    SystemMonitor:200891 [system_monitor.py:_start():145] Starting system asset monitoring threads
2024-06-24 17:41:06,694 INFO    SystemMonitor:200891 [interfaces.py:start():190] Started cpu monitoring
2024-06-24 17:41:06,695 INFO    SystemMonitor:200891 [interfaces.py:start():190] Started disk monitoring
2024-06-24 17:41:06,696 INFO    SystemMonitor:200891 [interfaces.py:start():190] Started gpu monitoring
2024-06-24 17:41:06,697 INFO    SystemMonitor:200891 [interfaces.py:start():190] Started memory monitoring
2024-06-24 17:41:06,700 INFO    SystemMonitor:200891 [interfaces.py:start():190] Started network monitoring
2024-06-24 17:41:06,921 INFO    Thread-12 :200891 [dir_watcher.py:_on_file_created():272] file/dir created: /home/macula/SMATousi/snorkel/attention_snorkel/wandb/run-20240624_173933-nzh3xipo/files/output.log
2024-06-24 17:41:08,522 DEBUG   HandlerThread:200891 [handler.py:handle_request():144] handle_request: status_report
2024-06-24 17:41:08,989 INFO    Thread-12 :200891 [dir_watcher.py:_on_file_modified():289] file/dir modified: /home/macula/SMATousi/snorkel/attention_snorkel/wandb/run-20240624_173933-nzh3xipo/files/output.log
2024-06-24 17:41:11,073 INFO    Thread-12 :200891 [dir_watcher.py:_on_file_modified():289] file/dir modified: /home/macula/SMATousi/snorkel/attention_snorkel/wandb/run-20240624_173933-nzh3xipo/files/output.log
2024-06-24 17:41:13,118 INFO    Thread-12 :200891 [dir_watcher.py:_on_file_modified():289] file/dir modified: /home/macula/SMATousi/snorkel/attention_snorkel/wandb/run-20240624_173933-nzh3xipo/files/output.log
2024-06-24 17:41:13,584 DEBUG   HandlerThread:200891 [handler.py:handle_request():144] handle_request: status_report
2024-06-24 17:41:15,161 INFO    Thread-12 :200891 [dir_watcher.py:_on_file_modified():289] file/dir modified: /home/macula/SMATousi/snorkel/attention_snorkel/wandb/run-20240624_173933-nzh3xipo/files/output.log
2024-06-24 17:41:16,390 DEBUG   HandlerThread:200891 [handler.py:handle_request():144] handle_request: stop_status
2024-06-24 17:41:16,391 DEBUG   SenderThread:200891 [sender.py:send_request():396] send_request: stop_status
2024-06-24 17:41:17,195 INFO    Thread-12 :200891 [dir_watcher.py:_on_file_modified():289] file/dir modified: /home/macula/SMATousi/snorkel/attention_snorkel/wandb/run-20240624_173933-nzh3xipo/files/output.log
2024-06-24 17:41:18,632 DEBUG   HandlerThread:200891 [handler.py:handle_request():144] handle_request: status_report
2024-06-24 17:41:19,256 INFO    Thread-12 :200891 [dir_watcher.py:_on_file_modified():289] file/dir modified: /home/macula/SMATousi/snorkel/attention_snorkel/wandb/run-20240624_173933-nzh3xipo/files/output.log
2024-06-24 17:41:21,300 INFO    Thread-12 :200891 [dir_watcher.py:_on_file_modified():289] file/dir modified: /home/macula/SMATousi/snorkel/attention_snorkel/wandb/run-20240624_173933-nzh3xipo/files/output.log
2024-06-24 17:41:23,368 INFO    Thread-12 :200891 [dir_watcher.py:_on_file_modified():289] file/dir modified: /home/macula/SMATousi/snorkel/attention_snorkel/wandb/run-20240624_173933-nzh3xipo/files/output.log
2024-06-24 17:41:23,719 DEBUG   HandlerThread:200891 [handler.py:handle_request():144] handle_request: status_report
2024-06-24 17:41:25,410 INFO    Thread-12 :200891 [dir_watcher.py:_on_file_modified():289] file/dir modified: /home/macula/SMATousi/snorkel/attention_snorkel/wandb/run-20240624_173933-nzh3xipo/files/output.log
2024-06-24 17:41:27,517 INFO    Thread-12 :200891 [dir_watcher.py:_on_file_modified():289] file/dir modified: /home/macula/SMATousi/snorkel/attention_snorkel/wandb/run-20240624_173933-nzh3xipo/files/output.log
2024-06-24 17:41:28,800 DEBUG   HandlerThread:200891 [handler.py:handle_request():144] handle_request: status_report
2024-06-24 17:41:29,570 INFO    Thread-12 :200891 [dir_watcher.py:_on_file_modified():289] file/dir modified: /home/macula/SMATousi/snorkel/attention_snorkel/wandb/run-20240624_173933-nzh3xipo/files/output.log
2024-06-24 17:41:31,389 DEBUG   HandlerThread:200891 [handler.py:handle_request():144] handle_request: stop_status
2024-06-24 17:41:31,390 DEBUG   SenderThread:200891 [sender.py:send_request():396] send_request: stop_status
2024-06-24 17:41:31,620 INFO    Thread-12 :200891 [dir_watcher.py:_on_file_modified():289] file/dir modified: /home/macula/SMATousi/snorkel/attention_snorkel/wandb/run-20240624_173933-nzh3xipo/files/output.log
2024-06-24 17:41:33,658 INFO    Thread-12 :200891 [dir_watcher.py:_on_file_modified():289] file/dir modified: /home/macula/SMATousi/snorkel/attention_snorkel/wandb/run-20240624_173933-nzh3xipo/files/output.log
2024-06-24 17:41:33,801 DEBUG   HandlerThread:200891 [handler.py:handle_request():144] handle_request: status_report
2024-06-24 17:41:35,660 INFO    Thread-12 :200891 [dir_watcher.py:_on_file_modified():289] file/dir modified: /home/macula/SMATousi/snorkel/attention_snorkel/wandb/run-20240624_173933-nzh3xipo/files/output.log
2024-06-24 17:41:37,702 INFO    Thread-12 :200891 [dir_watcher.py:_on_file_modified():289] file/dir modified: /home/macula/SMATousi/snorkel/attention_snorkel/wandb/run-20240624_173933-nzh3xipo/files/output.log
2024-06-24 17:41:38,853 DEBUG   HandlerThread:200891 [handler.py:handle_request():144] handle_request: status_report
2024-06-24 17:41:39,745 INFO    Thread-12 :200891 [dir_watcher.py:_on_file_modified():289] file/dir modified: /home/macula/SMATousi/snorkel/attention_snorkel/wandb/run-20240624_173933-nzh3xipo/files/output.log
2024-06-24 17:41:41,788 INFO    Thread-12 :200891 [dir_watcher.py:_on_file_modified():289] file/dir modified: /home/macula/SMATousi/snorkel/attention_snorkel/wandb/run-20240624_173933-nzh3xipo/files/output.log
2024-06-24 17:41:42,830 INFO    Thread-12 :200891 [dir_watcher.py:_on_file_modified():289] file/dir modified: /home/macula/SMATousi/snorkel/attention_snorkel/wandb/run-20240624_173933-nzh3xipo/files/output.log
2024-06-24 17:41:43,900 DEBUG   HandlerThread:200891 [handler.py:handle_request():144] handle_request: status_report
2024-06-24 17:41:44,873 INFO    Thread-12 :200891 [dir_watcher.py:_on_file_modified():289] file/dir modified: /home/macula/SMATousi/snorkel/attention_snorkel/wandb/run-20240624_173933-nzh3xipo/files/output.log
2024-06-24 17:41:46,389 DEBUG   HandlerThread:200891 [handler.py:handle_request():144] handle_request: stop_status
2024-06-24 17:41:46,390 DEBUG   SenderThread:200891 [sender.py:send_request():396] send_request: stop_status
2024-06-24 17:41:46,917 INFO    Thread-12 :200891 [dir_watcher.py:_on_file_modified():289] file/dir modified: /home/macula/SMATousi/snorkel/attention_snorkel/wandb/run-20240624_173933-nzh3xipo/files/output.log
2024-06-24 17:41:48,952 INFO    Thread-12 :200891 [dir_watcher.py:_on_file_modified():289] file/dir modified: /home/macula/SMATousi/snorkel/attention_snorkel/wandb/run-20240624_173933-nzh3xipo/files/output.log
2024-06-24 17:41:48,999 DEBUG   HandlerThread:200891 [handler.py:handle_request():144] handle_request: status_report
2024-06-24 17:41:51,088 INFO    Thread-12 :200891 [dir_watcher.py:_on_file_modified():289] file/dir modified: /home/macula/SMATousi/snorkel/attention_snorkel/wandb/run-20240624_173933-nzh3xipo/files/output.log
2024-06-24 17:41:53,130 INFO    Thread-12 :200891 [dir_watcher.py:_on_file_modified():289] file/dir modified: /home/macula/SMATousi/snorkel/attention_snorkel/wandb/run-20240624_173933-nzh3xipo/files/output.log
2024-06-24 17:41:54,359 DEBUG   HandlerThread:200891 [handler.py:handle_request():144] handle_request: status_report
2024-06-24 17:41:55,172 INFO    Thread-12 :200891 [dir_watcher.py:_on_file_modified():289] file/dir modified: /home/macula/SMATousi/snorkel/attention_snorkel/wandb/run-20240624_173933-nzh3xipo/files/output.log
2024-06-24 17:41:57,225 INFO    Thread-12 :200891 [dir_watcher.py:_on_file_modified():289] file/dir modified: /home/macula/SMATousi/snorkel/attention_snorkel/wandb/run-20240624_173933-nzh3xipo/files/output.log
2024-06-24 17:41:59,275 INFO    Thread-12 :200891 [dir_watcher.py:_on_file_modified():289] file/dir modified: /home/macula/SMATousi/snorkel/attention_snorkel/wandb/run-20240624_173933-nzh3xipo/files/output.log
2024-06-24 17:41:59,532 DEBUG   HandlerThread:200891 [handler.py:handle_request():144] handle_request: status_report
2024-06-24 17:42:01,390 DEBUG   HandlerThread:200891 [handler.py:handle_request():144] handle_request: stop_status
2024-06-24 17:42:01,390 DEBUG   SenderThread:200891 [sender.py:send_request():396] send_request: stop_status
2024-06-24 17:42:03,815 WARNING FileStreamThread:200891 [file_stream.py:request_with_retry():670] requests_with_retry encountered retryable exception: 500 Server Error: Internal Server Error for url: https://api.wandb.ai/files/tousi-team/Snorkel-Repro/nzh3xipo/file_stream. func: <bound method Session.post of <requests.sessions.Session object at 0x7f0e0db01d50>>, args: ('https://api.wandb.ai/files/tousi-team/Snorkel-Repro/nzh3xipo/file_stream',), kwargs: {'json': {'files': {'output.log': {'offset': 0, 'content': ['ERROR 2024-06-24T22:41:58.777125 100%|██████████████████████████████████████████████████████████████████████████████████████████████████| 200000/200000 [00:50<00:00, 3934.73it/s]\n']}}, 'dropped': 0}}
2024-06-24 17:42:06,391 DEBUG   HandlerThread:200891 [handler.py:handle_request():144] handle_request: keepalive
2024-06-24 17:42:06,700 DEBUG   SystemMonitor:200891 [system_monitor.py:_start():159] Starting system metrics aggregation loop
2024-06-24 17:42:10,855 WARNING FileStreamThread:200891 [file_stream.py:request_with_retry():670] requests_with_retry encountered retryable exception: 500 Server Error: Internal Server Error for url: https://api.wandb.ai/files/tousi-team/Snorkel-Repro/nzh3xipo/file_stream. func: <bound method Session.post of <requests.sessions.Session object at 0x7f0e0db01d50>>, args: ('https://api.wandb.ai/files/tousi-team/Snorkel-Repro/nzh3xipo/file_stream',), kwargs: {'json': {'files': {'output.log': {'offset': 0, 'content': ['ERROR 2024-06-24T22:41:58.777125 100%|██████████████████████████████████████████████████████████████████████████████████████████████████| 200000/200000 [00:50<00:00, 3934.73it/s]\n']}}, 'dropped': 0}}
2024-06-24 17:42:11,392 DEBUG   HandlerThread:200891 [handler.py:handle_request():144] handle_request: keepalive
2024-06-24 17:42:19,905 WARNING FileStreamThread:200891 [file_stream.py:request_with_retry():670] requests_with_retry encountered retryable exception: 500 Server Error: Internal Server Error for url: https://api.wandb.ai/files/tousi-team/Snorkel-Repro/nzh3xipo/file_stream. func: <bound method Session.post of <requests.sessions.Session object at 0x7f0e0db01d50>>, args: ('https://api.wandb.ai/files/tousi-team/Snorkel-Repro/nzh3xipo/file_stream',), kwargs: {'json': {'files': {'output.log': {'offset': 0, 'content': ['ERROR 2024-06-24T22:41:58.777125 100%|██████████████████████████████████████████████████████████████████████████████████████████████████| 200000/200000 [00:50<00:00, 3934.73it/s]\n']}}, 'dropped': 0}}
2024-06-24 17:42:21,393 DEBUG   HandlerThread:200891 [handler.py:handle_request():144] handle_request: keepalive
2024-06-24 17:42:26,394 DEBUG   HandlerThread:200891 [handler.py:handle_request():144] handle_request: keepalive
2024-06-24 17:42:31,395 DEBUG   HandlerThread:200891 [handler.py:handle_request():144] handle_request: keepalive
2024-06-24 17:42:33,239 WARNING FileStreamThread:200891 [file_stream.py:request_with_retry():670] requests_with_retry encountered retryable exception: 500 Server Error: Internal Server Error for url: https://api.wandb.ai/files/tousi-team/Snorkel-Repro/nzh3xipo/file_stream. func: <bound method Session.post of <requests.sessions.Session object at 0x7f0e0db01d50>>, args: ('https://api.wandb.ai/files/tousi-team/Snorkel-Repro/nzh3xipo/file_stream',), kwargs: {'json': {'files': {'output.log': {'offset': 0, 'content': ['ERROR 2024-06-24T22:41:58.777125 100%|██████████████████████████████████████████████████████████████████████████████████████████████████| 200000/200000 [00:50<00:00, 3934.73it/s]\n']}}, 'dropped': 0}}
2024-06-24 17:42:35,079 INFO    SenderThread:200891 [retry.py:__call__():172] Retry attempt failed:
Traceback (most recent call last):
  File "/home/macula/SMATousi/.conda/envs/mac-deep/lib/python3.7/site-packages/urllib3/connectionpool.py", line 449, in _make_request
    six.raise_from(e, None)
  File "<string>", line 3, in raise_from
  File "/home/macula/SMATousi/.conda/envs/mac-deep/lib/python3.7/site-packages/urllib3/connectionpool.py", line 444, in _make_request
    httplib_response = conn.getresponse()
  File "/home/macula/SMATousi/.conda/envs/mac-deep/lib/python3.7/http/client.py", line 1373, in getresponse
    response.begin()
  File "/home/macula/SMATousi/.conda/envs/mac-deep/lib/python3.7/http/client.py", line 319, in begin
    version, status, reason = self._read_status()
  File "/home/macula/SMATousi/.conda/envs/mac-deep/lib/python3.7/http/client.py", line 280, in _read_status
    line = str(self.fp.readline(_MAXLINE + 1), "iso-8859-1")
  File "/home/macula/SMATousi/.conda/envs/mac-deep/lib/python3.7/socket.py", line 589, in readinto
    return self._sock.recv_into(b)
  File "/home/macula/SMATousi/.conda/envs/mac-deep/lib/python3.7/ssl.py", line 1071, in recv_into
    return self.read(nbytes, buffer)
  File "/home/macula/SMATousi/.conda/envs/mac-deep/lib/python3.7/ssl.py", line 929, in read
    return self._sslobj.read(len, buffer)
socket.timeout: The read operation timed out

During handling of the above exception, another exception occurred:

Traceback (most recent call last):
  File "/home/macula/SMATousi/.conda/envs/mac-deep/lib/python3.7/site-packages/requests/adapters.py", line 499, in send
    timeout=timeout,
  File "/home/macula/SMATousi/.conda/envs/mac-deep/lib/python3.7/site-packages/urllib3/connectionpool.py", line 788, in urlopen
    method, url, error=e, _pool=self, _stacktrace=sys.exc_info()[2]
  File "/home/macula/SMATousi/.conda/envs/mac-deep/lib/python3.7/site-packages/urllib3/util/retry.py", line 550, in increment
    raise six.reraise(type(error), error, _stacktrace)
  File "/home/macula/SMATousi/.conda/envs/mac-deep/lib/python3.7/site-packages/urllib3/packages/six.py", line 770, in reraise
    raise value
  File "/home/macula/SMATousi/.conda/envs/mac-deep/lib/python3.7/site-packages/urllib3/connectionpool.py", line 710, in urlopen
    chunked=chunked,
  File "/home/macula/SMATousi/.conda/envs/mac-deep/lib/python3.7/site-packages/urllib3/connectionpool.py", line 451, in _make_request
    self._raise_timeout(err=e, url=url, timeout_value=read_timeout)
  File "/home/macula/SMATousi/.conda/envs/mac-deep/lib/python3.7/site-packages/urllib3/connectionpool.py", line 341, in _raise_timeout
    self, url, "Read timed out. (read timeout=%s)" % timeout_value
urllib3.exceptions.ReadTimeoutError: HTTPSConnectionPool(host='api.wandb.ai', port=443): Read timed out. (read timeout=10)

During handling of the above exception, another exception occurred:

Traceback (most recent call last):
  File "/home/macula/SMATousi/.conda/envs/mac-deep/lib/python3.7/site-packages/wandb/sdk/lib/retry.py", line 131, in __call__
    result = self._call_fn(*args, **kwargs)
  File "/home/macula/SMATousi/.conda/envs/mac-deep/lib/python3.7/site-packages/wandb/sdk/internal/internal_api.py", line 320, in execute
    return self.client.execute(*args, **kwargs)  # type: ignore
  File "/home/macula/SMATousi/.conda/envs/mac-deep/lib/python3.7/site-packages/wandb/vendor/gql-0.2.0/wandb_gql/client.py", line 52, in execute
    result = self._get_result(document, *args, **kwargs)
  File "/home/macula/SMATousi/.conda/envs/mac-deep/lib/python3.7/site-packages/wandb/vendor/gql-0.2.0/wandb_gql/client.py", line 60, in _get_result
    return self.transport.execute(document, *args, **kwargs)
  File "/home/macula/SMATousi/.conda/envs/mac-deep/lib/python3.7/site-packages/wandb/sdk/lib/gql_request.py", line 55, in execute
    request = self.session.post(self.url, **post_args)
  File "/home/macula/SMATousi/.conda/envs/mac-deep/lib/python3.7/site-packages/requests/sessions.py", line 635, in post
    return self.request("POST", url, data=data, json=json, **kwargs)
  File "/home/macula/SMATousi/.conda/envs/mac-deep/lib/python3.7/site-packages/requests/sessions.py", line 587, in request
    resp = self.send(prep, **send_kwargs)
  File "/home/macula/SMATousi/.conda/envs/mac-deep/lib/python3.7/site-packages/requests/sessions.py", line 701, in send
    r = adapter.send(request, **kwargs)
  File "/home/macula/SMATousi/.conda/envs/mac-deep/lib/python3.7/site-packages/requests/adapters.py", line 578, in send
    raise ReadTimeout(e, request=request)
requests.exceptions.ReadTimeout: HTTPSConnectionPool(host='api.wandb.ai', port=443): Read timed out. (read timeout=10)
2024-06-24 17:42:36,396 DEBUG   HandlerThread:200891 [handler.py:handle_request():144] handle_request: keepalive
2024-06-24 17:42:41,397 DEBUG   HandlerThread:200891 [handler.py:handle_request():144] handle_request: keepalive
2024-06-24 17:42:46,398 DEBUG   HandlerThread:200891 [handler.py:handle_request():144] handle_request: keepalive
2024-06-24 17:42:51,398 DEBUG   HandlerThread:200891 [handler.py:handle_request():144] handle_request: keepalive
2024-06-24 17:42:56,399 DEBUG   HandlerThread:200891 [handler.py:handle_request():144] handle_request: keepalive
2024-06-24 17:42:58,520 DEBUG   SenderThread:200891 [sender.py:send():369] send: stats
2024-06-24 17:42:58,520 DEBUG   SenderThread:200891 [sender.py:send():369] send: stats
2024-06-24 17:42:58,520 DEBUG   HandlerThread:200891 [handler.py:handle_request():144] handle_request: status_report
2024-06-24 17:43:01,387 INFO    Thread-12 :200891 [dir_watcher.py:_on_file_modified():289] file/dir modified: /home/macula/SMATousi/snorkel/attention_snorkel/wandb/run-20240624_173933-nzh3xipo/files/output.log
2024-06-24 17:43:01,400 DEBUG   HandlerThread:200891 [handler.py:handle_request():144] handle_request: keepalive
2024-06-24 17:43:03,521 DEBUG   HandlerThread:200891 [handler.py:handle_request():144] handle_request: status_report
2024-06-24 17:43:06,723 DEBUG   SenderThread:200891 [sender.py:send():369] send: stats
2024-06-24 17:43:08,146 DEBUG   HandlerThread:200891 [handler.py:handle_request():144] handle_request: keepalive
2024-06-24 17:43:08,724 DEBUG   HandlerThread:200891 [handler.py:handle_request():144] handle_request: status_report
2024-06-24 17:43:08,981 DEBUG   HandlerThread:200891 [handler.py:handle_request():144] handle_request: pause
2024-06-24 17:43:08,981 INFO    HandlerThread:200891 [handler.py:handle_request_pause():728] stopping system metrics thread or process
2024-06-24 17:43:08,981 INFO    HandlerThread:200891 [system_monitor.py:finish():190] Stopping system monitor
2024-06-24 17:43:08,982 DEBUG   SystemMonitor:200891 [system_monitor.py:_start():166] Finished system metrics aggregation loop
2024-06-24 17:43:08,983 DEBUG   SystemMonitor:200891 [system_monitor.py:_start():170] Publishing last batch of metrics
2024-06-24 17:43:08,982 INFO    HandlerThread:200891 [interfaces.py:finish():202] Joined cpu monitor
2024-06-24 17:43:08,983 INFO    HandlerThread:200891 [interfaces.py:finish():202] Joined disk monitor
2024-06-24 17:43:09,016 INFO    HandlerThread:200891 [interfaces.py:finish():202] Joined gpu monitor
2024-06-24 17:43:09,016 INFO    HandlerThread:200891 [interfaces.py:finish():202] Joined memory monitor
2024-06-24 17:43:09,016 INFO    HandlerThread:200891 [interfaces.py:finish():202] Joined network monitor
2024-06-24 17:43:09,016 DEBUG   SenderThread:200891 [sender.py:send():369] send: stats
2024-06-24 17:43:13,148 DEBUG   HandlerThread:200891 [handler.py:handle_request():144] handle_request: keepalive
2024-06-24 17:43:14,019 DEBUG   HandlerThread:200891 [handler.py:handle_request():144] handle_request: status_report
2024-06-24 17:43:18,150 DEBUG   HandlerThread:200891 [handler.py:handle_request():144] handle_request: keepalive
2024-06-24 17:43:19,020 DEBUG   HandlerThread:200891 [handler.py:handle_request():144] handle_request: status_report
2024-06-24 17:43:23,152 DEBUG   HandlerThread:200891 [handler.py:handle_request():144] handle_request: keepalive
2024-06-24 17:43:24,022 DEBUG   HandlerThread:200891 [handler.py:handle_request():144] handle_request: status_report
2024-06-24 17:43:28,153 DEBUG   HandlerThread:200891 [handler.py:handle_request():144] handle_request: keepalive
2024-06-24 17:43:29,024 DEBUG   HandlerThread:200891 [handler.py:handle_request():144] handle_request: status_report
2024-06-24 17:43:33,155 DEBUG   HandlerThread:200891 [handler.py:handle_request():144] handle_request: keepalive
2024-06-24 17:43:34,025 DEBUG   HandlerThread:200891 [handler.py:handle_request():144] handle_request: status_report
2024-06-24 17:43:38,157 DEBUG   HandlerThread:200891 [handler.py:handle_request():144] handle_request: keepalive
2024-06-24 17:43:39,027 DEBUG   HandlerThread:200891 [handler.py:handle_request():144] handle_request: status_report
2024-06-24 17:43:41,366 DEBUG   HandlerThread:200891 [handler.py:handle_request():144] handle_request: resume
2024-06-24 17:43:41,366 INFO    HandlerThread:200891 [handler.py:handle_request_resume():719] starting system metrics thread or process
2024-06-24 17:43:41,366 INFO    HandlerThread:200891 [system_monitor.py:start():181] Starting system monitor
2024-06-24 17:43:41,366 INFO    SystemMonitor:200891 [system_monitor.py:_start():145] Starting system asset monitoring threads
2024-06-24 17:43:41,367 INFO    SystemMonitor:200891 [interfaces.py:start():190] Started cpu monitoring
2024-06-24 17:43:41,367 INFO    SystemMonitor:200891 [interfaces.py:start():190] Started disk monitoring
2024-06-24 17:43:41,367 INFO    SystemMonitor:200891 [interfaces.py:start():190] Started gpu monitoring
2024-06-24 17:43:41,367 INFO    SystemMonitor:200891 [interfaces.py:start():190] Started memory monitoring
2024-06-24 17:43:41,367 INFO    SystemMonitor:200891 [interfaces.py:start():190] Started network monitoring
2024-06-24 17:43:42,003 DEBUG   SenderThread:200891 [sender.py:send():369] send: telemetry
2024-06-24 17:43:42,003 DEBUG   SenderThread:200891 [sender.py:send():369] send: exit
2024-06-24 17:43:42,003 INFO    SenderThread:200891 [sender.py:send_exit():574] handling exit code: 0
2024-06-24 17:43:42,003 INFO    SenderThread:200891 [sender.py:send_exit():576] handling runtime: 134
2024-06-24 17:43:42,053 INFO    SenderThread:200891 [sender.py:_save_file():1354] saving file wandb-summary.json with policy end
2024-06-24 17:43:42,054 INFO    SenderThread:200891 [sender.py:send_exit():582] send defer
2024-06-24 17:43:42,054 DEBUG   HandlerThread:200891 [handler.py:handle_request():144] handle_request: defer
2024-06-24 17:43:42,054 INFO    HandlerThread:200891 [handler.py:handle_request_defer():170] handle defer: 0
2024-06-24 17:43:42,055 DEBUG   SenderThread:200891 [sender.py:send_request():396] send_request: defer
2024-06-24 17:43:42,055 INFO    SenderThread:200891 [sender.py:send_request_defer():598] handle sender defer: 0
2024-06-24 17:43:42,055 INFO    SenderThread:200891 [sender.py:transition_state():602] send defer: 1
2024-06-24 17:43:42,056 DEBUG   HandlerThread:200891 [handler.py:handle_request():144] handle_request: defer
2024-06-24 17:43:42,056 INFO    HandlerThread:200891 [handler.py:handle_request_defer():170] handle defer: 1
2024-06-24 17:43:42,058 DEBUG   SenderThread:200891 [sender.py:send_request():396] send_request: defer
2024-06-24 17:43:42,058 INFO    SenderThread:200891 [sender.py:send_request_defer():598] handle sender defer: 1
2024-06-24 17:43:42,058 INFO    SenderThread:200891 [sender.py:transition_state():602] send defer: 2
2024-06-24 17:43:42,059 DEBUG   HandlerThread:200891 [handler.py:handle_request():144] handle_request: defer
2024-06-24 17:43:42,059 INFO    HandlerThread:200891 [handler.py:handle_request_defer():170] handle defer: 2
2024-06-24 17:43:42,059 INFO    HandlerThread:200891 [system_monitor.py:finish():190] Stopping system monitor
2024-06-24 17:43:42,060 INFO    HandlerThread:200891 [interfaces.py:finish():202] Joined cpu monitor
2024-06-24 17:43:42,060 DEBUG   SystemMonitor:200891 [system_monitor.py:_start():159] Starting system metrics aggregation loop
2024-06-24 17:43:42,063 INFO    HandlerThread:200891 [interfaces.py:finish():202] Joined disk monitor
2024-06-24 17:43:42,063 DEBUG   SystemMonitor:200891 [system_monitor.py:_start():166] Finished system metrics aggregation loop
2024-06-24 17:43:42,064 DEBUG   SystemMonitor:200891 [system_monitor.py:_start():170] Publishing last batch of metrics
2024-06-24 17:43:42,110 INFO    HandlerThread:200891 [interfaces.py:finish():202] Joined gpu monitor
2024-06-24 17:43:42,110 INFO    HandlerThread:200891 [interfaces.py:finish():202] Joined memory monitor
2024-06-24 17:43:42,110 INFO    HandlerThread:200891 [interfaces.py:finish():202] Joined network monitor
2024-06-24 17:43:42,110 DEBUG   SenderThread:200891 [sender.py:send_request():396] send_request: defer
2024-06-24 17:43:42,110 INFO    SenderThread:200891 [sender.py:send_request_defer():598] handle sender defer: 2
2024-06-24 17:43:42,110 INFO    SenderThread:200891 [sender.py:transition_state():602] send defer: 3
2024-06-24 17:43:42,110 DEBUG   SenderThread:200891 [sender.py:send():369] send: stats
2024-06-24 17:43:42,110 DEBUG   HandlerThread:200891 [handler.py:handle_request():144] handle_request: defer
2024-06-24 17:43:42,111 INFO    HandlerThread:200891 [handler.py:handle_request_defer():170] handle defer: 3
2024-06-24 17:43:42,111 DEBUG   SenderThread:200891 [sender.py:send_request():396] send_request: defer
2024-06-24 17:43:42,111 INFO    SenderThread:200891 [sender.py:send_request_defer():598] handle sender defer: 3
2024-06-24 17:43:42,111 INFO    SenderThread:200891 [sender.py:transition_state():602] send defer: 4
2024-06-24 17:43:42,111 DEBUG   HandlerThread:200891 [handler.py:handle_request():144] handle_request: defer
2024-06-24 17:43:42,111 INFO    HandlerThread:200891 [handler.py:handle_request_defer():170] handle defer: 4
2024-06-24 17:43:42,111 DEBUG   SenderThread:200891 [sender.py:send_request():396] send_request: defer
2024-06-24 17:43:42,111 INFO    SenderThread:200891 [sender.py:send_request_defer():598] handle sender defer: 4
2024-06-24 17:43:42,111 INFO    SenderThread:200891 [sender.py:transition_state():602] send defer: 5
2024-06-24 17:43:42,112 DEBUG   HandlerThread:200891 [handler.py:handle_request():144] handle_request: defer
2024-06-24 17:43:42,112 INFO    HandlerThread:200891 [handler.py:handle_request_defer():170] handle defer: 5
2024-06-24 17:43:42,112 DEBUG   SenderThread:200891 [sender.py:send():369] send: summary
2024-06-24 17:43:42,161 INFO    SenderThread:200891 [sender.py:_save_file():1354] saving file wandb-summary.json with policy end
2024-06-24 17:43:42,162 DEBUG   SenderThread:200891 [sender.py:send_request():396] send_request: defer
2024-06-24 17:43:42,162 INFO    SenderThread:200891 [sender.py:send_request_defer():598] handle sender defer: 5
2024-06-24 17:43:42,163 INFO    SenderThread:200891 [sender.py:transition_state():602] send defer: 6
2024-06-24 17:43:42,163 DEBUG   HandlerThread:200891 [handler.py:handle_request():144] handle_request: defer
2024-06-24 17:43:42,163 INFO    HandlerThread:200891 [handler.py:handle_request_defer():170] handle defer: 6
2024-06-24 17:43:42,164 DEBUG   SenderThread:200891 [sender.py:send_request():396] send_request: defer
2024-06-24 17:43:42,164 INFO    SenderThread:200891 [sender.py:send_request_defer():598] handle sender defer: 6
2024-06-24 17:43:42,169 DEBUG   HandlerThread:200891 [handler.py:handle_request():144] handle_request: status_report
2024-06-24 17:43:42,287 INFO    SenderThread:200891 [sender.py:transition_state():602] send defer: 7
2024-06-24 17:43:42,288 DEBUG   HandlerThread:200891 [handler.py:handle_request():144] handle_request: defer
2024-06-24 17:43:42,288 INFO    HandlerThread:200891 [handler.py:handle_request_defer():170] handle defer: 7
2024-06-24 17:43:42,289 DEBUG   SenderThread:200891 [sender.py:send_request():396] send_request: defer
2024-06-24 17:43:42,289 INFO    SenderThread:200891 [sender.py:send_request_defer():598] handle sender defer: 7
2024-06-24 17:43:42,447 INFO    Thread-12 :200891 [dir_watcher.py:_on_file_modified():289] file/dir modified: /home/macula/SMATousi/snorkel/attention_snorkel/wandb/run-20240624_173933-nzh3xipo/files/config.yaml
2024-06-24 17:43:42,448 INFO    Thread-12 :200891 [dir_watcher.py:_on_file_modified():289] file/dir modified: /home/macula/SMATousi/snorkel/attention_snorkel/wandb/run-20240624_173933-nzh3xipo/files/wandb-summary.json
2024-06-24 17:43:42,921 INFO    SenderThread:200891 [sender.py:transition_state():602] send defer: 8
2024-06-24 17:43:42,922 DEBUG   HandlerThread:200891 [handler.py:handle_request():144] handle_request: defer
2024-06-24 17:43:42,922 INFO    HandlerThread:200891 [handler.py:handle_request_defer():170] handle defer: 8
2024-06-24 17:43:42,923 DEBUG   SenderThread:200891 [sender.py:send_request():396] send_request: defer
2024-06-24 17:43:42,923 INFO    SenderThread:200891 [sender.py:send_request_defer():598] handle sender defer: 8
2024-06-24 17:43:42,923 INFO    SenderThread:200891 [job_builder.py:build():232] Attempting to build job artifact
2024-06-24 17:43:42,925 INFO    SenderThread:200891 [job_builder.py:build():251] run is notebook based run
2024-06-24 17:43:42,925 INFO    SenderThread:200891 [job_builder.py:build():256] is repo sourced job
2024-06-24 17:43:42,949 INFO    SenderThread:200891 [job_builder.py:build():297] adding wandb-job metadata file
2024-06-24 17:43:42,984 DEBUG   HandlerThread:200891 [handler.py:handle_request():144] handle_request: poll_exit
2024-06-24 17:43:43,185 INFO    SenderThread:200891 [sender.py:transition_state():602] send defer: 9
2024-06-24 17:43:43,186 DEBUG   SenderThread:200891 [sender.py:send_request():396] send_request: poll_exit
2024-06-24 17:43:43,187 DEBUG   HandlerThread:200891 [handler.py:handle_request():144] handle_request: defer
2024-06-24 17:43:43,187 INFO    HandlerThread:200891 [handler.py:handle_request_defer():170] handle defer: 9
2024-06-24 17:43:43,188 DEBUG   SenderThread:200891 [sender.py:send():369] send: artifact
2024-06-24 17:43:43,449 INFO    Thread-12 :200891 [dir_watcher.py:_on_file_modified():289] file/dir modified: /home/macula/SMATousi/snorkel/attention_snorkel/wandb/run-20240624_173933-nzh3xipo/files/output.log
2024-06-24 17:43:43,985 DEBUG   HandlerThread:200891 [handler.py:handle_request():144] handle_request: poll_exit
2024-06-24 17:43:44,062 INFO    wandb-upload_2:200891 [upload_job.py:push():91] Uploaded file /home/macula/SMATousi/.local/share/wandb/artifacts/staging/tmp7njihii9
2024-06-24 17:43:44,097 INFO    wandb-upload_1:200891 [upload_job.py:push():91] Uploaded file /home/macula/SMATousi/.local/share/wandb/artifacts/staging/tmpna8afanc
2024-06-24 17:43:44,631 INFO    SenderThread:200891 [sender.py:send_artifact():1450] sent artifact job-git_github.com_SMATousi_attention_snorkel.git_reproducing_snorkel.ipynb - {'id': 'QXJ0aWZhY3Q6OTIyMTA3OTgw', 'digest': 'b39dfb7ec0b809796fd8edd5e7b91ec3', 'state': 'PENDING', 'aliases': [], 'artifactSequence': {'id': 'QXJ0aWZhY3RDb2xsZWN0aW9uOjIyOTUxNzQ2MA==', 'latestArtifact': None}, 'version': 'latest'}
2024-06-24 17:43:44,632 DEBUG   SenderThread:200891 [sender.py:send_request():396] send_request: defer
2024-06-24 17:43:44,632 INFO    SenderThread:200891 [sender.py:send_request_defer():598] handle sender defer: 9
2024-06-24 17:43:44,632 INFO    SenderThread:200891 [dir_watcher.py:finish():359] shutting down directory watcher
2024-06-24 17:43:45,452 INFO    SenderThread:200891 [dir_watcher.py:finish():389] scan: /home/macula/SMATousi/snorkel/attention_snorkel/wandb/run-20240624_173933-nzh3xipo/files
2024-06-24 17:43:45,454 INFO    SenderThread:200891 [dir_watcher.py:finish():403] scan save: /home/macula/SMATousi/snorkel/attention_snorkel/wandb/run-20240624_173933-nzh3xipo/files/config.yaml config.yaml
2024-06-24 17:43:45,454 INFO    SenderThread:200891 [dir_watcher.py:finish():403] scan save: /home/macula/SMATousi/snorkel/attention_snorkel/wandb/run-20240624_173933-nzh3xipo/files/conda-environment.yaml conda-environment.yaml
2024-06-24 17:43:45,455 INFO    SenderThread:200891 [dir_watcher.py:finish():403] scan save: /home/macula/SMATousi/snorkel/attention_snorkel/wandb/run-20240624_173933-nzh3xipo/files/requirements.txt requirements.txt
2024-06-24 17:43:45,455 INFO    SenderThread:200891 [dir_watcher.py:finish():403] scan save: /home/macula/SMATousi/snorkel/attention_snorkel/wandb/run-20240624_173933-nzh3xipo/files/output.log output.log
2024-06-24 17:43:45,455 INFO    SenderThread:200891 [dir_watcher.py:finish():403] scan save: /home/macula/SMATousi/snorkel/attention_snorkel/wandb/run-20240624_173933-nzh3xipo/files/wandb-metadata.json wandb-metadata.json
2024-06-24 17:43:45,455 INFO    SenderThread:200891 [dir_watcher.py:finish():403] scan save: /home/macula/SMATousi/snorkel/attention_snorkel/wandb/run-20240624_173933-nzh3xipo/files/wandb-summary.json wandb-summary.json
2024-06-24 17:43:45,455 INFO    SenderThread:200891 [sender.py:transition_state():602] send defer: 10
2024-06-24 17:43:45,456 DEBUG   SenderThread:200891 [sender.py:send_request():396] send_request: poll_exit
2024-06-24 17:43:45,456 DEBUG   HandlerThread:200891 [handler.py:handle_request():144] handle_request: defer
2024-06-24 17:43:45,457 INFO    HandlerThread:200891 [handler.py:handle_request_defer():170] handle defer: 10
2024-06-24 17:43:45,471 DEBUG   SenderThread:200891 [sender.py:send_request():396] send_request: defer
2024-06-24 17:43:45,471 INFO    SenderThread:200891 [sender.py:send_request_defer():598] handle sender defer: 10
2024-06-24 17:43:45,471 INFO    SenderThread:200891 [file_pusher.py:finish():159] shutting down file pusher
2024-06-24 17:43:45,750 INFO    wandb-upload_0:200891 [upload_job.py:push():133] Uploaded file /home/macula/SMATousi/snorkel/attention_snorkel/wandb/run-20240624_173933-nzh3xipo/files/output.log
2024-06-24 17:43:45,833 INFO    wandb-upload_3:200891 [upload_job.py:push():133] Uploaded file /home/macula/SMATousi/snorkel/attention_snorkel/wandb/run-20240624_173933-nzh3xipo/files/config.yaml
2024-06-24 17:43:45,834 INFO    wandb-upload_4:200891 [upload_job.py:push():133] Uploaded file /home/macula/SMATousi/snorkel/attention_snorkel/wandb/run-20240624_173933-nzh3xipo/files/conda-environment.yaml
2024-06-24 17:43:45,888 INFO    wandb-upload_2:200891 [upload_job.py:push():133] Uploaded file /home/macula/SMATousi/snorkel/attention_snorkel/wandb/run-20240624_173933-nzh3xipo/files/requirements.txt
2024-06-24 17:43:45,938 INFO    wandb-upload_1:200891 [upload_job.py:push():133] Uploaded file /home/macula/SMATousi/snorkel/attention_snorkel/wandb/run-20240624_173933-nzh3xipo/files/wandb-summary.json
2024-06-24 17:43:46,139 INFO    Thread-11 :200891 [sender.py:transition_state():602] send defer: 11
2024-06-24 17:43:46,140 DEBUG   HandlerThread:200891 [handler.py:handle_request():144] handle_request: defer
2024-06-24 17:43:46,140 INFO    HandlerThread:200891 [handler.py:handle_request_defer():170] handle defer: 11
2024-06-24 17:43:46,141 DEBUG   SenderThread:200891 [sender.py:send_request():396] send_request: defer
2024-06-24 17:43:46,141 INFO    SenderThread:200891 [sender.py:send_request_defer():598] handle sender defer: 11
2024-06-24 17:43:46,141 INFO    SenderThread:200891 [file_pusher.py:join():164] waiting for file pusher
2024-06-24 17:43:46,141 INFO    SenderThread:200891 [sender.py:transition_state():602] send defer: 12
2024-06-24 17:43:46,142 DEBUG   HandlerThread:200891 [handler.py:handle_request():144] handle_request: defer
2024-06-24 17:43:46,142 INFO    HandlerThread:200891 [handler.py:handle_request_defer():170] handle defer: 12
2024-06-24 17:43:46,143 DEBUG   SenderThread:200891 [sender.py:send_request():396] send_request: defer
2024-06-24 17:43:46,143 INFO    SenderThread:200891 [sender.py:send_request_defer():598] handle sender defer: 12
2024-06-24 17:43:46,326 INFO    SenderThread:200891 [sender.py:transition_state():602] send defer: 13
2024-06-24 17:43:46,326 DEBUG   HandlerThread:200891 [handler.py:handle_request():144] handle_request: defer
2024-06-24 17:43:46,326 INFO    HandlerThread:200891 [handler.py:handle_request_defer():170] handle defer: 13
2024-06-24 17:43:46,327 DEBUG   SenderThread:200891 [sender.py:send_request():396] send_request: defer
2024-06-24 17:43:46,327 INFO    SenderThread:200891 [sender.py:send_request_defer():598] handle sender defer: 13
2024-06-24 17:43:46,328 INFO    SenderThread:200891 [sender.py:transition_state():602] send defer: 14
2024-06-24 17:43:46,328 DEBUG   HandlerThread:200891 [handler.py:handle_request():144] handle_request: defer
2024-06-24 17:43:46,328 INFO    HandlerThread:200891 [handler.py:handle_request_defer():170] handle defer: 14
2024-06-24 17:43:46,329 DEBUG   SenderThread:200891 [sender.py:send():369] send: final
2024-06-24 17:43:46,330 DEBUG   SenderThread:200891 [sender.py:send():369] send: footer
2024-06-24 17:43:46,330 DEBUG   SenderThread:200891 [sender.py:send_request():396] send_request: defer
2024-06-24 17:43:46,330 INFO    SenderThread:200891 [sender.py:send_request_defer():598] handle sender defer: 14
2024-06-24 17:43:46,333 DEBUG   HandlerThread:200891 [handler.py:handle_request():144] handle_request: poll_exit
2024-06-24 17:43:46,333 DEBUG   HandlerThread:200891 [handler.py:handle_request():144] handle_request: server_info
2024-06-24 17:43:46,333 DEBUG   HandlerThread:200891 [handler.py:handle_request():144] handle_request: get_summary
2024-06-24 17:43:46,333 DEBUG   HandlerThread:200891 [handler.py:handle_request():144] handle_request: sampled_history
2024-06-24 17:43:46,335 DEBUG   SenderThread:200891 [sender.py:send_request():396] send_request: poll_exit
2024-06-24 17:43:46,335 DEBUG   SenderThread:200891 [sender.py:send_request():396] send_request: server_info
2024-06-24 17:43:46,391 DEBUG   HandlerThread:200891 [handler.py:handle_request():144] handle_request: shutdown
2024-06-24 17:43:46,392 INFO    HandlerThread:200891 [handler.py:finish():854] shutting down handler
2024-06-24 17:43:47,335 INFO    WriterThread:200891 [datastore.py:close():298] close: /home/macula/SMATousi/snorkel/attention_snorkel/wandb/run-20240624_173933-nzh3xipo/run-nzh3xipo.wandb
2024-06-24 17:43:47,389 INFO    SenderThread:200891 [sender.py:finish():1526] shutting down sender
2024-06-24 17:43:47,390 INFO    SenderThread:200891 [file_pusher.py:finish():159] shutting down file pusher
2024-06-24 17:43:47,390 INFO    SenderThread:200891 [file_pusher.py:join():164] waiting for file pusher
